Build started 2016-05-01 12  :  14.
     1>Project "Y:\PGK\Programowanie grafiki komputerowej\Wavefront_OBJ_Creator\Wavefront_OBJ_Creator\Wavefront_OBJ_Creator.vcxproj" on node 2 (rebuild target(s)).
     1>_PrepareForClean:
         Deleting file "Debug\Wavefront_OBJ_Creator.lastbuildstate".
       InitializeBuildStatus:
         Creating "Debug\Wavefront_OBJ_Creator.unsuccessfulbuild" because "AlwaysCreate" was specified.
       ClCompile:
         C:\Program Files (x86)\Microsoft Visual Studio 10.0\VC\bin\CL.exe /c /ZI /nologo /W3 /WX- /Od /Oy- /D _MBCS /Gm /EHsc /RTC1 /MDd /GS /fp:precise /Zc:wchar_t /Zc:forScope /Fo"Debug\\" /Fd"Debug\vc100.pdb" /Gd /TP /analyze- /errorReport:prompt main.cpp WavefrontOBJCreator.cpp
         WavefrontOBJCreator.cpp
     1>y:\pgk\programowanie grafiki komputerowej\wavefront_obj_creator\wavefront_obj_creator\wavefrontobjcreator.cpp(15): warning C4351: new behavior: elements of array 'WavefrontOBJCreator::input_filename_' will be default initialized
     1>y:\pgk\programowanie grafiki komputerowej\wavefront_obj_creator\wavefront_obj_creator\wavefrontobjcreator.cpp(15): warning C4351: new behavior: elements of array 'WavefrontOBJCreator::output_filename_' will be default initialized
     1>y:\pgk\programowanie grafiki komputerowej\wavefront_obj_creator\wavefront_obj_creator\wavefrontobjcreator.cpp(44): warning C4351: new behavior: elements of array 'WavefrontOBJCreator::input_filename_' will be default initialized
     1>y:\pgk\programowanie grafiki komputerowej\wavefront_obj_creator\wavefront_obj_creator\wavefrontobjcreator.cpp(44): warning C4351: new behavior: elements of array 'WavefrontOBJCreator::output_filename_' will be default initialized
     1>y:\pgk\programowanie grafiki komputerowej\wavefront_obj_creator\wavefront_obj_creator\wavefrontobjcreator.cpp(211): warning C4996: 'fopen': This function or variable may be unsafe. Consider using fopen_s instead. To disable deprecation, use _CRT_SECURE_NO_WARNINGS. See online help for details.
                 c:\program files (x86)\microsoft visual studio 10.0\vc\include\stdio.h(234) : see declaration of 'fopen'
     1>y:\pgk\programowanie grafiki komputerowej\wavefront_obj_creator\wavefront_obj_creator\wavefrontobjcreator.cpp(212): warning C4996: 'fopen': This function or variable may be unsafe. Consider using fopen_s instead. To disable deprecation, use _CRT_SECURE_NO_WARNINGS. See online help for details.
                 c:\program files (x86)\microsoft visual studio 10.0\vc\include\stdio.h(234) : see declaration of 'fopen'
     1>y:\pgk\programowanie grafiki komputerowej\wavefront_obj_creator\wavefront_obj_creator\wavefrontobjcreator.cpp(234): warning C4996: 'fscanf': This function or variable may be unsafe. Consider using fscanf_s instead. To disable deprecation, use _CRT_SECURE_NO_WARNINGS. See online help for details.
                 c:\program files (x86)\microsoft visual studio 10.0\vc\include\stdio.h(253) : see declaration of 'fscanf'
     1>y:\pgk\programowanie grafiki komputerowej\wavefront_obj_creator\wavefront_obj_creator\wavefrontobjcreator.cpp(235): warning C4996: 'fscanf': This function or variable may be unsafe. Consider using fscanf_s instead. To disable deprecation, use _CRT_SECURE_NO_WARNINGS. See online help for details.
                 c:\program files (x86)\microsoft visual studio 10.0\vc\include\stdio.h(253) : see declaration of 'fscanf'
     1>y:\pgk\programowanie grafiki komputerowej\wavefront_obj_creator\wavefront_obj_creator\wavefrontobjcreator.cpp(236): warning C4996: 'fscanf': This function or variable may be unsafe. Consider using fscanf_s instead. To disable deprecation, use _CRT_SECURE_NO_WARNINGS. See online help for details.
                 c:\program files (x86)\microsoft visual studio 10.0\vc\include\stdio.h(253) : see declaration of 'fscanf'
     1>y:\pgk\programowanie grafiki komputerowej\wavefront_obj_creator\wavefront_obj_creator\wavefrontobjcreator.cpp(244): warning C4996: 'fscanf': This function or variable may be unsafe. Consider using fscanf_s instead. To disable deprecation, use _CRT_SECURE_NO_WARNINGS. See online help for details.
                 c:\program files (x86)\microsoft visual studio 10.0\vc\include\stdio.h(253) : see declaration of 'fscanf'
     1>y:\pgk\programowanie grafiki komputerowej\wavefront_obj_creator\wavefront_obj_creator\wavefrontobjcreator.cpp(308): warning C4996: 'fscanf': This function or variable may be unsafe. Consider using fscanf_s instead. To disable deprecation, use _CRT_SECURE_NO_WARNINGS. See online help for details.
                 c:\program files (x86)\microsoft visual studio 10.0\vc\include\stdio.h(253) : see declaration of 'fscanf'
         main.cpp
         Generating Code...
       Link:
         C:\Program Files (x86)\Microsoft Visual Studio 10.0\VC\bin\link.exe /ERRORREPORT:PROMPT /OUT:"Y:\PGK\Programowanie grafiki komputerowej\Debug\Wavefront_OBJ_Creator.exe" /NOLOGO kernel32.lib user32.lib gdi32.lib winspool.lib comdlg32.lib advapi32.lib shell32.lib ole32.lib oleaut32.lib uuid.lib odbc32.lib odbccp32.lib /MANIFEST /ManifestFile:"Debug\Wavefront_OBJ_Creator.exe.intermediate.manifest" /MANIFESTUAC:"level='asInvoker' uiAccess='false'" /DEBUG /PDB:"Y:\PGK\Programowanie grafiki komputerowej\Debug\Wavefront_OBJ_Creator.pdb" /TLBID:1 /DYNAMICBASE /NXCOMPAT /IMPLIB:"Y:\PGK\Programowanie grafiki komputerowej\Debug\Wavefront_OBJ_Creator.lib" /MACHINE:X86 Debug\main.obj
         Debug\WavefrontOBJCreator.obj
         Wavefront_OBJ_Creator.vcxproj -> Y:\PGK\Programowanie grafiki komputerowej\Debug\Wavefront_OBJ_Creator.exe
       Manifest:
         C:\Program Files (x86)\Microsoft SDKs\Windows\v7.0A\bin\mt.exe /nologo /verbose /outputresource:"Y:\PGK\Programowanie grafiki komputerowej\Debug\Wavefront_OBJ_Creator.exe;#1" /manifest Debug\Wavefront_OBJ_Creator.exe.intermediate.manifest
       FinalizeBuildStatus:
         Deleting file "Debug\Wavefront_OBJ_Creator.unsuccessfulbuild".
         Touching "Debug\Wavefront_OBJ_Creator.lastbuildstate".
     1>Done Building Project "Y:\PGK\Programowanie grafiki komputerowej\Wavefront_OBJ_Creator\Wavefront_OBJ_Creator\Wavefront_OBJ_Creator.vcxproj" (rebuild target(s)).

Build succeeded.

Time Elapsed 00:00:01.98
