Build started 2016-05-01 12  :  14.
     1>Project "Y:\PGK\Programowanie grafiki komputerowej\Wavefront_OBJ_To_OpenGL_Model\Wavefront_OBJ_To_OpenGL_Model.vcxproj" on node 3 (rebuild target(s)).
     1>_PrepareForClean:
         Deleting file "Debug\Wavefront_OBJ_To_OpenGL_Model.lastbuildstate".
       InitializeBuildStatus:
         Creating "Debug\Wavefront_OBJ_To_OpenGL_Model.unsuccessfulbuild" because "AlwaysCreate" was specified.
       ClCompile:
         C:\Program Files (x86)\Microsoft Visual Studio 10.0\VC\bin\CL.exe /c /ZI /nologo /W3 /WX- /Od /Oy- /D _MBCS /Gm /EHsc /RTC1 /MDd /GS /fp:precise /Zc:wchar_t /Zc:forScope /Fo"Debug\\" /Fd"Debug\vc100.pdb" /Gd /TP /analyze- /errorReport:prompt main.cpp
         main.cpp
       Link:
         C:\Program Files (x86)\Microsoft Visual Studio 10.0\VC\bin\link.exe /ERRORREPORT:PROMPT /OUT:"Y:\PGK\Programowanie grafiki komputerowej\Debug\Wavefront_OBJ_To_OpenGL_Model.exe" /NOLOGO "Y:\PGK\Programowanie grafiki komputerowej\\freeglut\lib\freeglut.lib" kernel32.lib user32.lib gdi32.lib winspool.lib comdlg32.lib advapi32.lib shell32.lib ole32.lib oleaut32.lib uuid.lib odbc32.lib odbccp32.lib /MANIFEST /ManifestFile:"Debug\Wavefront_OBJ_To_OpenGL_Model.exe.intermediate.manifest" /MANIFESTUAC:"level='asInvoker' uiAccess='false'" /DEBUG /PDB:"Y:\PGK\Programowanie grafiki komputerowej\Debug\Wavefront_OBJ_To_OpenGL_Model.pdb" /TLBID:1 /DYNAMICBASE /NXCOMPAT /IMPLIB:"Y:\PGK\Programowanie grafiki komputerowej\Debug\Wavefront_OBJ_To_OpenGL_Model.lib" /MACHINE:X86 Debug\main.obj
         Wavefront_OBJ_To_OpenGL_Model.vcxproj -> Y:\PGK\Programowanie grafiki komputerowej\Debug\Wavefront_OBJ_To_OpenGL_Model.exe
       Manifest:
         C:\Program Files (x86)\Microsoft SDKs\Windows\v7.0A\bin\mt.exe /nologo /verbose /outputresource:"Y:\PGK\Programowanie grafiki komputerowej\Debug\Wavefront_OBJ_To_OpenGL_Model.exe;#1" /manifest Debug\Wavefront_OBJ_To_OpenGL_Model.exe.intermediate.manifest
       FinalizeBuildStatus:
         Deleting file "Debug\Wavefront_OBJ_To_OpenGL_Model.unsuccessfulbuild".
         Touching "Debug\Wavefront_OBJ_To_OpenGL_Model.lastbuildstate".
     1>Done Building Project "Y:\PGK\Programowanie grafiki komputerowej\Wavefront_OBJ_To_OpenGL_Model\Wavefront_OBJ_To_OpenGL_Model.vcxproj" (rebuild target(s)).

Build succeeded.

Time Elapsed 00:00:02.44
